\BOOKMARK [0][-]{chapter.1}{Assignment 0}{}
\BOOKMARK [1][-]{section.1.1}{Parts A, B}{chapter.1}
\BOOKMARK [1][-]{section.1.2}{Part C}{chapter.1}
\BOOKMARK [1][-]{section.1.3}{Part D}{chapter.1}
\BOOKMARK [1][-]{section.1.4}{Part E}{chapter.1}
\BOOKMARK [0][-]{chapter.2}{Lab 1 - Create your own XML DTD, XSD, and RNC or RNG}{}
\BOOKMARK [1][-]{section.2.1}{DTD}{chapter.2}
\BOOKMARK [1][-]{section.2.2}{XSD}{chapter.2}
\BOOKMARK [1][-]{section.2.3}{RelaxNG}{chapter.2}
\BOOKMARK [1][-]{section.2.4}{Misc}{chapter.2}
\BOOKMARK [0][-]{chapter.3}{Lab 2 - Generate RDF Graph}{}
\BOOKMARK [0][-]{chapter.4}{Assignment 1}{}
\BOOKMARK [1][-]{section.4.1}{Part A-0}{chapter.4}
\BOOKMARK [1][-]{section.4.2}{Part A-1}{chapter.4}
\BOOKMARK [1][-]{section.4.3}{Part A-2}{chapter.4}
\BOOKMARK [1][-]{section.4.4}{Part A-3 - Relabeling of tree in Prolog}{chapter.4}
\BOOKMARK [1][-]{section.4.5}{Part B-1 - Well formed XML element from Part A-1}{chapter.4}
\BOOKMARK [1][-]{section.4.6}{Part B-2 - Well formed XML element from Part A-2}{chapter.4}
\BOOKMARK [1][-]{section.4.7}{Part B-3 - XML instance of relabeling}{chapter.4}
\BOOKMARK [1][-]{section.4.8}{Part C - Prolog equivalent term of Part B-3 - XML instance of relabeling}{chapter.4}
\BOOKMARK [1][-]{section.4.9}{Part D-1 - DTD schema for Part A-1}{chapter.4}
\BOOKMARK [1][-]{section.4.10}{Part D-2 - DTD schema for Part A-2}{chapter.4}
\BOOKMARK [1][-]{section.4.11}{Part D-3 - DTD schema for a3}{chapter.4}
\BOOKMARK [0][-]{chapter.5}{Assignment 2}{}
\BOOKMARK [1][-]{section.5.1}{Part 1 - Draw DLG of RDF/XML Document}{chapter.5}
\BOOKMARK [1][-]{section.5.2}{Part 2}{chapter.5}
\BOOKMARK [1][-]{section.5.3}{Part 3}{chapter.5}
\BOOKMARK [1][-]{section.5.4}{Part 4}{chapter.5}
\BOOKMARK [0][-]{chapter.6}{Assignment 3}{}
\BOOKMARK [1][-]{section.6.1}{Part 1}{chapter.6}
\BOOKMARK [1][-]{section.6.2}{Part 2}{chapter.6}
\BOOKMARK [1][-]{section.6.3}{Part 3}{chapter.6}
\BOOKMARK [1][-]{section.6.4}{Part 4}{chapter.6}
\BOOKMARK [1][-]{section.6.5}{Part 5}{chapter.6}
\BOOKMARK [0][-]{chapter*.6}{Bibliography}{}
